Arguments: 
  /usr/local/bin/node /usr/share/yarn/bin/yarn.js add @ypes/node typescript @solana/web3.js bs58

PATH: 
  /home/agent/.local/share/solana/install/active_release/bin:/home/agent/.cabal/bin:/home/agent/.ghcup/bin:/home/agent/.cargo/bin:/usr/local/go/bin:/home/agent/.local/bin:/home/agent/.local/bin:/usr/local/sbin:/usr/local/bin:/usr/sbin:/usr/bin:/sbin:/bin:/usr/games:/usr/local/games:/snap/bin:/home/agent/go/bin:/home/agent/go/bin:/usr/local/go/bin:/home/agent/go/bin:/usr/local/go/bin:/home/agent/go/bin:/usr/local/go/bin:/home/agent/go/bin:/home/agent/go/bin:/home/agent/go/bin:/usr/local/go/bin:/home/agent/go/bin:/usr/local/go/bin:/home/agent/go/bin:/usr/local/go/bin:/home/agent/go/bin

Yarn version: 
  1.22.19

Node version: 
  18.15.0

Platform: 
  linux x64

Trace: 
  Error: https://registry.yarnpkg.com/@ypes%2fnode: Not found
      at params.callback [as _callback] (/usr/share/yarn/lib/cli.js:66145:18)
      at self.callback (/usr/share/yarn/lib/cli.js:140890:22)
      at Request.emit (node:events:513:28)
      at Request.<anonymous> (/usr/share/yarn/lib/cli.js:141862:10)
      at Request.emit (node:events:513:28)
      at IncomingMessage.<anonymous> (/usr/share/yarn/lib/cli.js:141784:12)
      at Object.onceWrapper (node:events:627:28)
      at IncomingMessage.emit (node:events:525:35)
      at endReadableNT (node:internal/streams/readable:1359:12)
      at process.processTicksAndRejections (node:internal/process/task_queues:82:21)

npm manifest: 
  {
    "name": "airdrop",
    "version": "1.0.0",
    "main": "index.js",
    "license": "MIT"
  }

yarn manifest: 
  No manifest

Lockfile: 
  No lockfile
